Building DAG of jobs...
Using shell: /bin/bash
Provided cores: 50
Rules claiming more threads will be scaled down.
Job stats:
job      count
-----  -------
all          1
plot         1
total        2

Select jobs to execute...
Execute 1 jobs...

[Mon Sep 16 14:20:28 2024]
localrule plot:
    input: ../data/plot_data.txt
    output: ../data/plot.png
    jobid: 1
    reason: Missing output files: ../data/plot.png
    resources: tmpdir=/var/folders/07/r545qfz51kjb7033z4fpg8vc0000gq/T

[Mon Sep 16 14:20:28 2024]
Error in rule plot:
    jobid: 1
    input: ../data/plot_data.txt
    output: ../data/plot.png

Shutting down, this might take some time.
Exiting because a job execution failed. Look above for error message
Complete log: .snakemake/log/2024-09-16T142028.047443.snakemake.log
WorkflowError:
At least one job did not complete successfully.
