Building DAG of jobs...
Using shell: /bin/bash
Provided cores: 1 (use --cores to define parallelism)
Rules claiming more threads will be scaled down.
Job stats:
job                count
---------------  -------
make_price_data        1
total                  1

Select jobs to execute...
Execute 1 jobs...

[Tue Sep 17 15:03:21 2024]
localrule make_price_data:
    input: ../data/AMZN_2012-06-21_34200000_57600000_message_1.csv
    output: ../data/statistics.csv
    jobid: 0
    reason: Forced execution
    resources: tmpdir=/var/folders/07/r545qfz51kjb7033z4fpg8vc0000gq/T

[Tue Sep 17 15:03:22 2024]
Finished job 0.
1 of 1 steps (100%) done
Complete log: .snakemake/log/2024-09-17T150321.842389.snakemake.log
