Building DAG of jobs...
shared_storage_local_copies: True
remote_exec: False
Using shell: /bin/bash
Provided cores: 1 (use --cores to define parallelism)
Rules claiming more threads will be scaled down.
Job stats:
job                count
---------------  -------
make_price_data        1
total                  1

Resources before job selection: {'_cores': 1, '_nodes': 9223372036854775807, '_job_count': 9223372036854775807}
Ready jobs (1)
Select jobs to execute...
Using greedy selector because only single job has to be scheduled.
Selected jobs (1)
Resources after job selection: {'_cores': 0, '_nodes': 9223372036854775806, '_job_count': 9223372036854775807}
Execute 1 jobs...

[Tue Sep 17 15:05:41 2024]
localrule make_price_data:
    input: ../data/AMZN_2012-06-21_34200000_57600000_message_1.csv
    output: ../data/statistics.csv
    jobid: 0
    reason: Forced execution
    resources: tmpdir=/var/folders/07/r545qfz51kjb7033z4fpg8vc0000gq/T

General args: ['--force', '--target-files-omit-workdir-adjustment', '--keep-storage-local-copies', '--max-inventory-time 0', '--nocolor', '--notemp', '--no-hooks', '--nolock', '--ignore-incomplete', '', '--verbose ', '--rerun-triggers mtime software-env code input params', '', '', '', '--conda-frontend mamba', '', '', '', '', '', '--shared-fs-usage storage-local-copies software-deployment persistence source-cache input-output sources', '', '--wrapper-prefix https://github.com/snakemake/snakemake-wrappers/raw/', '', '', '', '', '', '', '--latency-wait 5', '--scheduler ilp', '--local-storage-prefix .snakemake/storage', '--scheduler-solver-path /opt/miniconda3/envs/usefulgnom/bin', '', '', '', '', '', '--default-resources base64//dG1wZGlyPXN5c3RlbV90bXBkaXI=']
spawned job: cd /Users/koehng/Documents/repos/UsefulGnom/workflows && /opt/miniconda3/envs/usefulgnom/bin/python -m snakemake --snakefile /Users/koehng/Documents/repos/UsefulGnom/workflows/Snakefile --target-jobs 'make_price_data:' --allowed-rules 'make_price_data' --cores 1 --attempt 1 --force-use-threads  --force --target-files-omit-workdir-adjustment --keep-storage-local-copies --max-inventory-time 0 --nocolor --notemp --no-hooks --nolock --ignore-incomplete --verbose  --rerun-triggers mtime software-env code input params --conda-frontend mamba --shared-fs-usage storage-local-copies software-deployment persistence source-cache input-output sources --wrapper-prefix https://github.com/snakemake/snakemake-wrappers/raw/ --latency-wait 5 --scheduler ilp --local-storage-prefix .snakemake/storage --scheduler-solver-path /opt/miniconda3/envs/usefulgnom/bin --default-resources base64//dG1wZGlyPXN5c3RlbV90bXBkaXI= --quiet progress rules --mode subprocess --local-groupid local
Completion of job ['make_price_data'] reported to scheduler.
jobs registered as running before removal {make_price_data}
[Tue Sep 17 15:05:41 2024]
Finished job 0.
1 of 1 steps (100%) done
Complete log: .snakemake/log/2024-09-17T150541.197327.snakemake.log
unlocking
removing lock
removing lock
removed all locks
