Building DAG of jobs...
Using shell: /bin/bash
Provided cores: 1 (use --cores to define parallelism)
Rules claiming more threads will be scaled down.
Job stats:
job                count
---------------  -------
all                    1
make_price_data        1
total                  2

Select jobs to execute...
Execute 1 jobs...

[Thu Sep 19 14:14:31 2024]
localrule make_price_data:
    input: ../data/AMZN_2012-06-21_34200000_57600000_message_1.csv
    output: ../data/statistics.csv
    jobid: 1
    reason: Code has changed since last execution
    resources: tmpdir=/var/folders/07/r545qfz51kjb7033z4fpg8vc0000gq/T

[Thu Sep 19 14:14:32 2024]
Finished job 1.
1 of 2 steps (50%) done
Select jobs to execute...
Execute 1 jobs...

[Thu Sep 19 14:14:32 2024]
localrule all:
    input: ../data/statistics.csv
    jobid: 0
    reason: Input files updated by another job: ../data/statistics.csv
    resources: tmpdir=/var/folders/07/r545qfz51kjb7033z4fpg8vc0000gq/T

[Thu Sep 19 14:14:32 2024]
Finished job 0.
2 of 2 steps (100%) done
Complete log: .snakemake/log/2024-09-19T141431.837682.snakemake.log
