Building DAG of jobs...
Using shell: /bin/bash
Provided cores: 1 (use --cores to define parallelism)
Rules claiming more threads will be scaled down.
Job stats:
job                count
---------------  -------
make_price_data        1
total                  1

Select jobs to execute...
Execute 1 jobs...

[Mon Sep 16 15:39:16 2024]
localrule make_price_data:
    input: ../data/AMZN_2012-06-21_34200000_57600000_message_1.csv
    output: ../data/statistics.csv
    jobid: 0
    reason: Missing output files: ../data/statistics.csv
    resources: tmpdir=/var/folders/07/r545qfz51kjb7033z4fpg8vc0000gq/T

[Mon Sep 16 15:39:22 2024]
Error in rule make_price_data:
    jobid: 0
    input: ../data/AMZN_2012-06-21_34200000_57600000_message_1.csv
    output: ../data/statistics.csv

Shutting down, this might take some time.
Exiting because a job execution failed. Look above for error message
Complete log: .snakemake/log/2024-09-16T153916.229726.snakemake.log
WorkflowError:
At least one job did not complete successfully.
